<?xml version="1.0" encoding="UTF-8"?>
<testExecutions version="1">
  <file path="D:\MDS\2022-2-EuPescador-Web\src\components\FishCard\FishCard.spec.tsx">
    <testCase name="FishCard Component should render Fish Card component" duration="332"/>
    <testCase name="FishCard Component should render alternative image in Fish Card component" duration="46"/>
  </file>
  <file path="D:\MDS\2022-2-EuPescador-Web\src\pages\Login\index.spec.tsx">
    <testCase name="Login page Should render page" duration="755"/>
    <testCase name="Login page Register button should be render" duration="518"/>
    <testCase name="Login page Title color should be default" duration="411"/>
    <testCase name="Login page Title should be visible" duration="232"/>
    <testCase name="Login page Should render avatar" duration="184"/>
    <testCase name="Login page Should render first TextField" duration="262"/>
    <testCase name="Login page First TextField background color should be default" duration="182"/>
    <testCase name="Login page Should render second TextField" duration="153"/>
    <testCase name="Login page Second TextField background color should be default" duration="162"/>
    <testCase name="Login page Image should be visible" duration="113"/>
    <testCase name="Login page Image should be get by url" duration="169"/>
  </file>
  <file path="D:\MDS\2022-2-EuPescador-Web\src\components\FishModal\FishModal.spec.tsx">
    <testCase name="FishModal Component" duration="1"/>
    <testCase name="FishModal Component Should render component" duration="389"/>
  </file>
  <file path="D:\MDS\2022-2-EuPescador-Web\src\pages\Register\index.spec.tsx">
    <testCase name="Register page Should render page" duration="622"/>
    <testCase name="Register page Login button should be render" duration="258"/>
    <testCase name="Register page Title color should be default" duration="235"/>
    <testCase name="Register page Title should be visible" duration="167"/>
    <testCase name="Register page Should render avatar" duration="157"/>
    <testCase name="Register page Should render email TextField" duration="152"/>
    <testCase name="Register page Email TextField background color should be default" duration="181"/>
    <testCase name="Register page Should render password TextField" duration="172"/>
    <testCase name="Register page Password TextField background color should be default" duration="194"/>
    <testCase name="Register page Image should be visible" duration="187"/>
    <testCase name="Register page Image should be get by url" duration="106"/>
  </file>
  <file path="D:\MDS\2022-2-EuPescador-Web\src\components\Header.spec.tsx">
    <testCase name="Header Component Should render title" duration="213"/>
    <testCase name="Header Component Should render avatar" duration="56"/>
    <testCase name="Header Component Should render username" duration="18"/>
    <testCase name="Header Component Should render type of user" duration="19"/>
    <testCase name="Header Component Title color should be default" duration="152"/>
    <testCase name="Header Component Header Background should be white" duration="31"/>
    <testCase name="Header Component Header should be visible" duration="72"/>
    <testCase name="Header Component Check if width is 100%" duration="29"/>
    <testCase name="Header Component Check if font-color is black" duration="34"/>
  </file>
  <file path="D:\MDS\2022-2-EuPescador-Web\src\services\api\wikiServices\index.spec.tsx">
    <testCase name="Wiki Service Test Recuperar dados de um peixe" duration="767"/>
    <testCase name="Wiki Service Test Peixe nÃ£o existente" duration="612"/>
    <testCase name="Wiki Service Test Recuperar todos os peixes" duration="809"/>
  </file>
  <file path="D:\MDS\2022-2-EuPescador-Web\src\services\api\fishLogServices\index.spec.tsx">
    <testCase name="Fish Log Service Test Recuperar todos os logs" duration="2187"/>
  </file>
  <file path="D:\MDS\2022-2-EuPescador-Web\src\services\api\userServices\index.spec.tsx">
    <testCase name="User Service Test Deve falhar o login" duration="698"/>
  </file>
  <file path="D:\MDS\2022-2-EuPescador-Web\src\pages\Datas\index.spec.tsx">
  </file>
  <file path="D:\MDS\2022-2-EuPescador-Web\src\components\Table\index.spec.tsx">
    <testCase name="Table component Should render component" duration="78"/>
    <testCase name="Table component Should render edit button" duration="63"/>
    <testCase name="Table component Should render delete button" duration="42"/>
  </file>
</testExecutions>