<?xml version="1.0" encoding="UTF-8"?>
<testExecutions version="1">
  <file path="/Users/joaomedeiros/2022-2-EuPescador-Web/src/services/api/userServices/index.spec.tsx">
    <testCase name="User Service Test Deve falhar o login" duration="934"/>
  </file>
  <file path="/Users/joaomedeiros/2022-2-EuPescador-Web/src/services/api/fishLogServices/index.spec.tsx">
    <testCase name="Fish Log Service Test Recuperar todos os logs" duration="2604">
      <failure message="Request failed with status code 500"><![CDATA[Request failed with status code 500]]></failure>
    </testCase>
  </file>
  <file path="/Users/joaomedeiros/2022-2-EuPescador-Web/src/pages/Register/index.spec.tsx">
    <testCase name="Register page Should render page" duration="459"/>
    <testCase name="Register page Login button should be render" duration="138"/>
    <testCase name="Register page Title color should be default" duration="94"/>
    <testCase name="Register page Title should be visible" duration="77"/>
    <testCase name="Register page Should render avatar" duration="53"/>
    <testCase name="Register page Should render email TextField" duration="76"/>
    <testCase name="Register page Email TextField background color should be default" duration="85"/>
    <testCase name="Register page Should render password TextField" duration="109"/>
    <testCase name="Register page Password TextField background color should be default" duration="61"/>
    <testCase name="Register page Image should be visible" duration="48"/>
    <testCase name="Register page Image should be get by url" duration="145"/>
  </file>
  <file path="/Users/joaomedeiros/2022-2-EuPescador-Web/src/components/FishModal/FishModal.spec.tsx">
    <testCase name="FishModal Component" duration="1"/>
    <testCase name="FishModal Component Should render component" duration="349"/>
  </file>
  <file path="/Users/joaomedeiros/2022-2-EuPescador-Web/src/components/Header.spec.tsx">
    <testCase name="Header Component Should render title" duration="142"/>
    <testCase name="Header Component Should render avatar" duration="14"/>
    <testCase name="Header Component Should render username" duration="10"/>
    <testCase name="Header Component Should render type of user" duration="8"/>
    <testCase name="Header Component Title color should be default" duration="198"/>
    <testCase name="Header Component Header Background should be white" duration="14"/>
    <testCase name="Header Component Header should be visible" duration="64"/>
    <testCase name="Header Component Check if width is 100%" duration="16"/>
    <testCase name="Header Component Check if font-color is black" duration="13"/>
  </file>
  <file path="/Users/joaomedeiros/2022-2-EuPescador-Web/src/pages/Login/index.spec.tsx">
    <testCase name="Login page Should render page" duration="378"/>
    <testCase name="Login page Register button should be render" duration="176"/>
    <testCase name="Login page Title color should be default" duration="83"/>
    <testCase name="Login page Title should be visible" duration="92"/>
    <testCase name="Login page Should render avatar" duration="76"/>
    <testCase name="Login page Should render first TextField" duration="85"/>
    <testCase name="Login page First TextField background color should be default" duration="54"/>
    <testCase name="Login page Should render second TextField" duration="137"/>
    <testCase name="Login page Second TextField background color should be default" duration="126"/>
    <testCase name="Login page Image should be visible" duration="74"/>
    <testCase name="Login page Image should be get by url" duration="77"/>
  </file>
  <file path="/Users/joaomedeiros/2022-2-EuPescador-Web/src/services/api/wikiServices/index.spec.tsx">
    <testCase name="Wiki Service Test Recuperar dados de um peixe" duration="1173"/>
    <testCase name="Wiki Service Test Peixe nÃ£o existente" duration="722"/>
    <testCase name="Wiki Service Test Recuperar todos os peixes" duration="991"/>
  </file>
  <file path="/Users/joaomedeiros/2022-2-EuPescador-Web/src/pages/Datas/index.spec.tsx">
    <testCase name="Login page Should render page" duration="255"/>
  </file>
  <file path="/Users/joaomedeiros/2022-2-EuPescador-Web/src/components/Table/index.spec.tsx">
    <testCase name="Table component Should render component" duration="57"/>
    <testCase name="Table component Should render edit button" duration="39"/>
    <testCase name="Table component Should render delete button" duration="18"/>
  </file>
</testExecutions>